<?xml version="1.0" encoding="UTF-8"?>
<!-- Generated by org.testng.reporters.JUnitReportReporter -->
<testsuite hostname="DEM-C02XCEHMJG5H" failures="0" tests="2" name="Practice.TestNGDemo2" time="0.000" errors="0" timestamp="06 Jun 2020 20:14:15 GMT" skipped="0">
  <testcase classname="Practice.TestNGDemo2" name="exclude" time="0.000"/>
  <testcase classname="Practice.TestNGDemo2" name="hello" time="0.000"/>
</testsuite> <!-- Practice.TestNGDemo2 -->
