<?xml version="1.0" encoding="UTF-8"?>
<!-- Generated by org.testng.reporters.JUnitReportReporter -->
<testsuite hostname="DEM-C02XCEHMJG5H" failures="0" tests="2" name="Practice.TestNGDemo2" time="0.000" errors="0" timestamp="2020-08-17T00:00:54 BST" skipped="0">
  <testcase classname="Practice.TestNGDemo2" name="hello" time="0.000"/>
  <system-out/>
  <testcase classname="Practice.TestNGDemo2" name="exclude" time="0.000"/>
  <system-out/>
</testsuite> <!-- Practice.TestNGDemo2 -->
