<?xml version="1.0" encoding="UTF-8"?>
<testsuite xmlns:xsi="http://www.w3.org/2001/XMLSchema-instance" xsi:noNamespaceSchemaLocation="https://maven.apache.org/surefire/maven-surefire-plugin/xsd/surefire-test-report-3.0.xsd" version="3.0" name="TestSuite" time="6.157" tests="3" errors="0" skipped="0" failures="0">
  <properties>
    <property name="gopherProxySet" value="false"/>
    <property name="awt.toolkit" value="sun.lwawt.macosx.LWCToolkit"/>
    <property name="java.specification.version" value="11"/>
    <property name="sun.cpu.isalist" value=""/>
    <property name="sun.jnu.encoding" value="UTF-8"/>
    <property name="java.class.path" value="/Users/mridul.das/.jenkins/MyNewProject/target/test-classes:/Users/mridul.das/.jenkins/MyNewProject/target/classes:/Users/mridul.das/.m2/repository/com/vimalselvam/cucumber-extentsreport/3.0.2/cucumber-extentsreport-3.0.2.jar:/Users/mridul.das/.m2/repository/com/aventstack/extentreports/3.1.5/extentreports-3.1.5.jar:/Users/mridul.das/.m2/repository/org/mongodb/mongodb-driver/3.3.0/mongodb-driver-3.3.0.jar:/Users/mridul.das/.m2/repository/org/mongodb/bson/3.3.0/bson-3.3.0.jar:/Users/mridul.das/.m2/repository/org/mongodb/mongodb-driver-core/3.3.0/mongodb-driver-core-3.3.0.jar:/Users/mridul.das/.m2/repository/org/apache/httpcomponents/httpclient/4.5.2/httpclient-4.5.2.jar:/Users/mridul.das/.m2/repository/org/apache/httpcomponents/httpcore/4.4.4/httpcore-4.4.4.jar:/Users/mridul.das/.m2/repository/commons-logging/commons-logging/1.2/commons-logging-1.2.jar:/Users/mridul.das/.m2/repository/commons-codec/commons-codec/1.9/commons-codec-1.9.jar:/Users/mridul.das/.m2/repository/org/apache/httpcomponents/httpmime/4.5.2/httpmime-4.5.2.jar:/Users/mridul.das/.m2/repository/org/jsoup/jsoup/1.9.2/jsoup-1.9.2.jar:/Users/mridul.das/.m2/repository/com/relevantcodes/extentreports/2.41.2/extentreports-2.41.2.jar:/Users/mridul.das/.m2/repository/org/xerial/sqlite-jdbc/3.8.11.1/sqlite-jdbc-3.8.11.1.jar:/Users/mridul.das/.m2/repository/info/cukes/cucumber-junit/1.2.5/cucumber-junit-1.2.5.jar:/Users/mridul.das/.m2/repository/info/cukes/cucumber-core/1.2.5/cucumber-core-1.2.5.jar:/Users/mridul.das/.m2/repository/info/cukes/cucumber-html/0.2.3/cucumber-html-0.2.3.jar:/Users/mridul.das/.m2/repository/io/cucumber/cucumber-junit/4.8.0/cucumber-junit-4.8.0.jar:/Users/mridul.das/.m2/repository/org/apiguardian/apiguardian-api/1.1.0/apiguardian-api-1.1.0.jar:/Users/mridul.das/.m2/repository/io/cucumber/cucumber-core/4.8.0/cucumber-core-4.8.0.jar:/Users/mridul.das/.m2/repository/io/cucumber/gherkin/5.1.0/gherkin-5.1.0.jar:/Users/mridul.das/.m2/repository/io/cucumber/tag-expressions/1.1.1/tag-expressions-1.1.1.jar:/Users/mridul.das/.m2/repository/io/cucumber/cucumber-expressions/7.0.2/cucumber-expressions-7.0.2.jar:/Users/mridul.das/.m2/repository/io/cucumber/datatable/1.1.14/datatable-1.1.14.jar:/Users/mridul.das/.m2/repository/io/cucumber/datatable-dependencies/1.1.14/datatable-dependencies-1.1.14.jar:/Users/mridul.das/.m2/repository/info/cukes/cucumber-java/1.2.5/cucumber-java-1.2.5.jar:/Users/mridul.das/.m2/repository/org/freemarker/freemarker/2.3.23/freemarker-2.3.23.jar:/Users/mridul.das/.m2/repository/junit/junit/4.12/junit-4.12.jar:/Users/mridul.das/.m2/repository/org/hamcrest/hamcrest-core/1.3/hamcrest-core-1.3.jar:/Users/mridul.das/.m2/repository/io/rest-assured/rest-assured/3.3.0/rest-assured-3.3.0.jar:/Users/mridul.das/.m2/repository/org/codehaus/groovy/groovy/2.4.15/groovy-2.4.15.jar:/Users/mridul.das/.m2/repository/org/codehaus/groovy/groovy-xml/2.4.15/groovy-xml-2.4.15.jar:/Users/mridul.das/.m2/repository/org/hamcrest/hamcrest-library/1.3/hamcrest-library-1.3.jar:/Users/mridul.das/.m2/repository/org/ccil/cowan/tagsoup/tagsoup/1.2.1/tagsoup-1.2.1.jar:/Users/mridul.das/.m2/repository/io/rest-assured/json-path/3.3.0/json-path-3.3.0.jar:/Users/mridul.das/.m2/repository/org/codehaus/groovy/groovy-json/2.4.15/groovy-json-2.4.15.jar:/Users/mridul.das/.m2/repository/io/rest-assured/rest-assured-common/3.3.0/rest-assured-common-3.3.0.jar:/Users/mridul.das/.m2/repository/io/rest-assured/xml-path/3.3.0/xml-path-3.3.0.jar:/Users/mridul.das/.m2/repository/javax/xml/bind/jaxb-api/2.2.12/jaxb-api-2.2.12.jar:/Users/mridul.das/.m2/repository/com/sun/xml/bind/jaxb-osgi/2.2.10/jaxb-osgi-2.2.10.jar:/Users/mridul.das/.m2/repository/org/apache/sling/org.apache.sling.javax.activation/0.1.0/org.apache.sling.javax.activation-0.1.0.jar:/Users/mridul.das/.m2/repository/javax/activation/activation/1.1.1/activation-1.1.1.jar:/Users/mridul.das/.m2/repository/org/seleniumhq/selenium/htmlunit-driver/2.38.0/htmlunit-driver-2.38.0.jar:/Users/mridul.das/.m2/repository/org/seleniumhq/selenium/selenium-api/3.141.59/selenium-api-3.141.59.jar:/Users/mridul.das/.m2/repository/org/seleniumhq/selenium/selenium-support/3.141.59/selenium-support-3.141.59.jar:/Users/mridul.das/.m2/repository/net/bytebuddy/byte-buddy/1.8.15/byte-buddy-1.8.15.jar:/Users/mridul.das/.m2/repository/org/apache/commons/commons-exec/1.3/commons-exec-1.3.jar:/Users/mridul.das/.m2/repository/com/google/guava/guava/25.0-jre/guava-25.0-jre.jar:/Users/mridul.das/.m2/repository/com/google/code/findbugs/jsr305/1.3.9/jsr305-1.3.9.jar:/Users/mridul.das/.m2/repository/org/checkerframework/checker-compat-qual/2.0.0/checker-compat-qual-2.0.0.jar:/Users/mridul.das/.m2/repository/com/google/errorprone/error_prone_annotations/2.1.3/error_prone_annotations-2.1.3.jar:/Users/mridul.das/.m2/repository/com/google/j2objc/j2objc-annotations/1.1/j2objc-annotations-1.1.jar:/Users/mridul.das/.m2/repository/org/codehaus/mojo/animal-sniffer-annotations/1.14/animal-sniffer-annotations-1.14.jar:/Users/mridul.das/.m2/repository/com/squareup/okhttp3/okhttp/3.11.0/okhttp-3.11.0.jar:/Users/mridul.das/.m2/repository/com/squareup/okio/okio/1.14.0/okio-1.14.0.jar:/Users/mridul.das/.m2/repository/net/sourceforge/htmlunit/htmlunit/2.38.0/htmlunit-2.38.0.jar:/Users/mridul.das/.m2/repository/xalan/xalan/2.7.2/xalan-2.7.2.jar:/Users/mridul.das/.m2/repository/xalan/serializer/2.7.2/serializer-2.7.2.jar:/Users/mridul.das/.m2/repository/net/sourceforge/htmlunit/htmlunit-core-js/2.38.0/htmlunit-core-js-2.38.0.jar:/Users/mridul.das/.m2/repository/net/sourceforge/htmlunit/neko-htmlunit/2.38.0/neko-htmlunit-2.38.0.jar:/Users/mridul.das/.m2/repository/xerces/xercesImpl/2.12.0/xercesImpl-2.12.0.jar:/Users/mridul.das/.m2/repository/xml-apis/xml-apis/1.4.01/xml-apis-1.4.01.jar:/Users/mridul.das/.m2/repository/net/sourceforge/htmlunit/htmlunit-cssparser/1.5.0/htmlunit-cssparser-1.5.0.jar:/Users/mridul.das/.m2/repository/commons-io/commons-io/2.6/commons-io-2.6.jar:/Users/mridul.das/.m2/repository/commons-net/commons-net/3.6/commons-net-3.6.jar:/Users/mridul.das/.m2/repository/org/brotli/dec/0.1.2/dec-0.1.2.jar:/Users/mridul.das/.m2/repository/org/eclipse/jetty/websocket/websocket-client/9.4.27.v20200227/websocket-client-9.4.27.v20200227.jar:/Users/mridul.das/.m2/repository/org/eclipse/jetty/jetty-client/9.4.27.v20200227/jetty-client-9.4.27.v20200227.jar:/Users/mridul.das/.m2/repository/org/eclipse/jetty/jetty-http/9.4.27.v20200227/jetty-http-9.4.27.v20200227.jar:/Users/mridul.das/.m2/repository/org/eclipse/jetty/jetty-xml/9.4.27.v20200227/jetty-xml-9.4.27.v20200227.jar:/Users/mridul.das/.m2/repository/org/eclipse/jetty/jetty-util/9.4.27.v20200227/jetty-util-9.4.27.v20200227.jar:/Users/mridul.das/.m2/repository/org/eclipse/jetty/jetty-io/9.4.27.v20200227/jetty-io-9.4.27.v20200227.jar:/Users/mridul.das/.m2/repository/org/eclipse/jetty/websocket/websocket-common/9.4.27.v20200227/websocket-common-9.4.27.v20200227.jar:/Users/mridul.das/.m2/repository/org/eclipse/jetty/websocket/websocket-api/9.4.27.v20200227/websocket-api-9.4.27.v20200227.jar:/Users/mridul.das/.m2/repository/org/seleniumhq/selenium/selenium-java/4.0.0-alpha-3/selenium-java-4.0.0-alpha-3.jar:/Users/mridul.das/.m2/repository/org/seleniumhq/selenium/selenium-chrome-driver/4.0.0-alpha-3/selenium-chrome-driver-4.0.0-alpha-3.jar:/Users/mridul.das/.m2/repository/org/seleniumhq/selenium/selenium-chromium-driver/4.0.0-alpha-3/selenium-chromium-driver-4.0.0-alpha-3.jar:/Users/mridul.das/.m2/repository/org/seleniumhq/selenium/selenium-devtools/4.0.0-alpha-3/selenium-devtools-4.0.0-alpha-3.jar:/Users/mridul.das/.m2/repository/org/seleniumhq/selenium/selenium-http/4.0.0-alpha-3/selenium-http-4.0.0-alpha-3.jar:/Users/mridul.das/.m2/repository/org/seleniumhq/selenium/selenium-json/4.0.0-alpha-3/selenium-json-4.0.0-alpha-3.jar:/Users/mridul.das/.m2/repository/org/seleniumhq/selenium/selenium-edge-driver/4.0.0-alpha-3/selenium-edge-driver-4.0.0-alpha-3.jar:/Users/mridul.das/.m2/repository/org/seleniumhq/selenium/selenium-edgehtml-driver/4.0.0-alpha-3/selenium-edgehtml-driver-4.0.0-alpha-3.jar:/Users/mridul.das/.m2/repository/org/seleniumhq/selenium/selenium-firefox-driver/4.0.0-alpha-3/selenium-firefox-driver-4.0.0-alpha-3.jar:/Users/mridul.das/.m2/repository/org/seleniumhq/selenium/selenium-firefox-xpi-driver/4.0.0-alpha-3/selenium-firefox-xpi-driver-4.0.0-alpha-3.jar:/Users/mridul.das/.m2/repository/org/seleniumhq/selenium/selenium-ie-driver/4.0.0-alpha-3/selenium-ie-driver-4.0.0-alpha-3.jar:/Users/mridul.das/.m2/repository/org/seleniumhq/selenium/selenium-opera-driver/4.0.0-alpha-3/selenium-opera-driver-4.0.0-alpha-3.jar:/Users/mridul.das/.m2/repository/org/seleniumhq/selenium/selenium-remote-driver/4.0.0-alpha-3/selenium-remote-driver-4.0.0-alpha-3.jar:/Users/mridul.das/.m2/repository/io/opentracing/opentracing-api/0.33.0/opentracing-api-0.33.0.jar:/Users/mridul.das/.m2/repository/org/seleniumhq/selenium/selenium-safari-driver/4.0.0-alpha-3/selenium-safari-driver-4.0.0-alpha-3.jar:/Users/mridul.das/.m2/repository/log4j/log4j/1.2.17/log4j-1.2.17.jar:/Users/mridul.das/.m2/repository/com/jcabi/jcabi-log/0.17.1/jcabi-log-0.17.1.jar:/Users/mridul.das/.m2/repository/org/slf4j/slf4j-api/1.7.5/slf4j-api-1.7.5.jar:/Users/mridul.das/.m2/repository/com/jcabi/jcabi-aspects/0.22/jcabi-aspects-0.22.jar:/Users/mridul.das/.m2/repository/org/aspectj/aspectjrt/1.8.4/aspectjrt-1.8.4.jar:/Users/mridul.das/.m2/repository/javax/validation/validation-api/1.1.0.Final/validation-api-1.1.0.Final.jar:/Users/mridul.das/.m2/repository/com/jcraft/jsch/0.1.53/jsch-0.1.53.jar:/Users/mridul.das/.m2/repository/org/testng/testng/6.14.3/testng-6.14.3.jar:/Users/mridul.das/.m2/repository/com/beust/jcommander/1.72/jcommander-1.72.jar:/Users/mridul.das/.m2/repository/org/apache-extras/beanshell/bsh/2.0b6/bsh-2.0b6.jar:/Users/mridul.das/.m2/repository/info/cukes/cucumber-picocontainer/1.2.5/cucumber-picocontainer-1.2.5.jar:/Users/mridul.das/.m2/repository/info/cukes/cucumber-jvm-deps/1.0.5/cucumber-jvm-deps-1.0.5.jar:/Users/mridul.das/.m2/repository/info/cukes/gherkin/2.12.2/gherkin-2.12.2.jar:/Users/mridul.das/.m2/repository/org/picocontainer/picocontainer/2.15/picocontainer-2.15.jar:/Users/mridul.das/.m2/repository/org/apache/kafka/kafka-clients/2.3.0/kafka-clients-2.3.0.jar:/Users/mridul.das/.m2/repository/com/github/luben/zstd-jni/1.4.0-1/zstd-jni-1.4.0-1.jar:/Users/mridul.das/.m2/repository/org/lz4/lz4-java/1.6.0/lz4-java-1.6.0.jar:/Users/mridul.das/.m2/repository/org/xerial/snappy/snappy-java/1.1.7.3/snappy-java-1.1.7.3.jar:/Users/mridul.das/.m2/repository/org/slf4j/slf4j-simple/1.7.28/slf4j-simple-1.7.28.jar:/Users/mridul.das/.m2/repository/mysql/mysql-connector-java/8.0.15/mysql-connector-java-8.0.15.jar:/Users/mridul.das/.m2/repository/com/google/protobuf/protobuf-java/3.6.1/protobuf-java-3.6.1.jar:/Users/mridul.das/.m2/repository/consulting/omnia/util/sql-developer-xml-importer/1.0-RELEASE/sql-developer-xml-importer-1.0-RELEASE.jar:/Users/mridul.das/.m2/repository/ch/ethz/ganymed/ganymed-ssh2/262/ganymed-ssh2-262.jar:/Users/mridul.das/.m2/repository/com/googlecode/json-simple/json-simple/1.1.1/json-simple-1.1.1.jar:/Users/mridul.das/.m2/repository/com/google/code/gson/gson/2.8.6/gson-2.8.6.jar:/Users/mridul.das/.m2/repository/com/fasterxml/jackson/core/jackson-core/2.10.0/jackson-core-2.10.0.jar:/Users/mridul.das/.m2/repository/com/fasterxml/jackson/core/jackson-databind/2.10.0/jackson-databind-2.10.0.jar:/Users/mridul.das/.m2/repository/com/fasterxml/jackson/core/jackson-annotations/2.10.0/jackson-annotations-2.10.0.jar:/Users/mridul.das/.m2/repository/org/apache/commons/commons-text/1.8/commons-text-1.8.jar:/Users/mridul.das/.m2/repository/org/apache/commons/commons-lang3/3.9/commons-lang3-3.9.jar:/Users/mridul.das/.m2/repository/org/apache/maven/plugins/maven-compiler-plugin/3.8.1/maven-compiler-plugin-3.8.1.jar:/Users/mridul.das/.m2/repository/org/apache/maven/maven-plugin-api/3.0/maven-plugin-api-3.0.jar:/Users/mridul.das/.m2/repository/org/apache/maven/maven-model/3.0/maven-model-3.0.jar:/Users/mridul.das/.m2/repository/org/sonatype/sisu/sisu-inject-plexus/1.4.2/sisu-inject-plexus-1.4.2.jar:/Users/mridul.das/.m2/repository/org/sonatype/sisu/sisu-inject-bean/1.4.2/sisu-inject-bean-1.4.2.jar:/Users/mridul.das/.m2/repository/org/sonatype/sisu/sisu-guice/2.1.7/sisu-guice-2.1.7-noaop.jar:/Users/mridul.das/.m2/repository/org/apache/maven/maven-artifact/3.0/maven-artifact-3.0.jar:/Users/mridul.das/.m2/repository/org/codehaus/plexus/plexus-utils/2.0.4/plexus-utils-2.0.4.jar:/Users/mridul.das/.m2/repository/org/apache/maven/maven-core/3.0/maven-core-3.0.jar:/Users/mridul.das/.m2/repository/org/apache/maven/maven-settings/3.0/maven-settings-3.0.jar:/Users/mridul.das/.m2/repository/org/apache/maven/maven-settings-builder/3.0/maven-settings-builder-3.0.jar:/Users/mridul.das/.m2/repository/org/apache/maven/maven-repository-metadata/3.0/maven-repository-metadata-3.0.jar:/Users/mridul.das/.m2/repository/org/apache/maven/maven-model-builder/3.0/maven-model-builder-3.0.jar:/Users/mridul.das/.m2/repository/org/apache/maven/maven-aether-provider/3.0/maven-aether-provider-3.0.jar:/Users/mridul.das/.m2/repository/org/sonatype/aether/aether-impl/1.7/aether-impl-1.7.jar:/Users/mridul.das/.m2/repository/org/sonatype/aether/aether-spi/1.7/aether-spi-1.7.jar:/Users/mridul.das/.m2/repository/org/sonatype/aether/aether-api/1.7/aether-api-1.7.jar:/Users/mridul.das/.m2/repository/org/sonatype/aether/aether-util/1.7/aether-util-1.7.jar:/Users/mridul.das/.m2/repository/org/codehaus/plexus/plexus-interpolation/1.14/plexus-interpolation-1.14.jar:/Users/mridul.das/.m2/repository/org/codehaus/plexus/plexus-classworlds/2.2.3/plexus-classworlds-2.2.3.jar:/Users/mridul.das/.m2/repository/org/codehaus/plexus/plexus-component-annotations/1.5.5/plexus-component-annotations-1.5.5.jar:/Users/mridul.das/.m2/repository/org/sonatype/plexus/plexus-sec-dispatcher/1.3/plexus-sec-dispatcher-1.3.jar:/Users/mridul.das/.m2/repository/org/sonatype/plexus/plexus-cipher/1.4/plexus-cipher-1.4.jar:/Users/mridul.das/.m2/repository/org/apache/maven/shared/maven-shared-utils/3.2.1/maven-shared-utils-3.2.1.jar:/Users/mridul.das/.m2/repository/org/apache/maven/shared/maven-shared-incremental/1.1/maven-shared-incremental-1.1.jar:/Users/mridul.das/.m2/repository/org/codehaus/plexus/plexus-java/0.9.10/plexus-java-0.9.10.jar:/Users/mridul.das/.m2/repository/org/ow2/asm/asm/6.2/asm-6.2.jar:/Users/mridul.das/.m2/repository/com/thoughtworks/qdox/qdox/2.0-M8/qdox-2.0-M8.jar:/Users/mridul.das/.m2/repository/org/codehaus/plexus/plexus-compiler-api/2.8.4/plexus-compiler-api-2.8.4.jar:/Users/mridul.das/.m2/repository/org/codehaus/plexus/plexus-compiler-manager/2.8.4/plexus-compiler-manager-2.8.4.jar:/Users/mridul.das/.m2/repository/org/codehaus/plexus/plexus-compiler-javac/2.8.4/plexus-compiler-javac-2.8.4.jar:"/>
    <property name="java.vm.vendor" value="AdoptOpenJDK"/>
    <property name="sun.arch.data.model" value="64"/>
    <property name="java.vendor.url" value="https://adoptopenjdk.net/"/>
    <property name="user.timezone" value=""/>
    <property name="java.vm.specification.version" value="11"/>
    <property name="os.name" value="Mac OS X"/>
    <property name="sun.java.launcher" value="SUN_STANDARD"/>
    <property name="user.country" value="GB"/>
    <property name="sun.boot.library.path" value="/Library/Java/JavaVirtualMachines/jdk-11.0.3+7/Contents/Home/lib"/>
    <property name="sun.java.command" value="/Users/mridul.das/.jenkins/MyNewProject/target/surefire/surefirebooter14732177149653126128.jar /Users/mridul.das/.jenkins/MyNewProject/target/surefire 2020-07-10T14-03-11_503-jvmRun1 surefire13170597630912177462tmp surefire_013574177112488784265tmp"/>
    <property name="jdk.debug" value="release"/>
    <property name="surefire.test.class.path" value="/Users/mridul.das/.jenkins/MyNewProject/target/test-classes:/Users/mridul.das/.jenkins/MyNewProject/target/classes:/Users/mridul.das/.m2/repository/com/vimalselvam/cucumber-extentsreport/3.0.2/cucumber-extentsreport-3.0.2.jar:/Users/mridul.das/.m2/repository/com/aventstack/extentreports/3.1.5/extentreports-3.1.5.jar:/Users/mridul.das/.m2/repository/org/mongodb/mongodb-driver/3.3.0/mongodb-driver-3.3.0.jar:/Users/mridul.das/.m2/repository/org/mongodb/bson/3.3.0/bson-3.3.0.jar:/Users/mridul.das/.m2/repository/org/mongodb/mongodb-driver-core/3.3.0/mongodb-driver-core-3.3.0.jar:/Users/mridul.das/.m2/repository/org/apache/httpcomponents/httpclient/4.5.2/httpclient-4.5.2.jar:/Users/mridul.das/.m2/repository/org/apache/httpcomponents/httpcore/4.4.4/httpcore-4.4.4.jar:/Users/mridul.das/.m2/repository/commons-logging/commons-logging/1.2/commons-logging-1.2.jar:/Users/mridul.das/.m2/repository/commons-codec/commons-codec/1.9/commons-codec-1.9.jar:/Users/mridul.das/.m2/repository/org/apache/httpcomponents/httpmime/4.5.2/httpmime-4.5.2.jar:/Users/mridul.das/.m2/repository/org/jsoup/jsoup/1.9.2/jsoup-1.9.2.jar:/Users/mridul.das/.m2/repository/com/relevantcodes/extentreports/2.41.2/extentreports-2.41.2.jar:/Users/mridul.das/.m2/repository/org/xerial/sqlite-jdbc/3.8.11.1/sqlite-jdbc-3.8.11.1.jar:/Users/mridul.das/.m2/repository/info/cukes/cucumber-junit/1.2.5/cucumber-junit-1.2.5.jar:/Users/mridul.das/.m2/repository/info/cukes/cucumber-core/1.2.5/cucumber-core-1.2.5.jar:/Users/mridul.das/.m2/repository/info/cukes/cucumber-html/0.2.3/cucumber-html-0.2.3.jar:/Users/mridul.das/.m2/repository/io/cucumber/cucumber-junit/4.8.0/cucumber-junit-4.8.0.jar:/Users/mridul.das/.m2/repository/org/apiguardian/apiguardian-api/1.1.0/apiguardian-api-1.1.0.jar:/Users/mridul.das/.m2/repository/io/cucumber/cucumber-core/4.8.0/cucumber-core-4.8.0.jar:/Users/mridul.das/.m2/repository/io/cucumber/gherkin/5.1.0/gherkin-5.1.0.jar:/Users/mridul.das/.m2/repository/io/cucumber/tag-expressions/1.1.1/tag-expressions-1.1.1.jar:/Users/mridul.das/.m2/repository/io/cucumber/cucumber-expressions/7.0.2/cucumber-expressions-7.0.2.jar:/Users/mridul.das/.m2/repository/io/cucumber/datatable/1.1.14/datatable-1.1.14.jar:/Users/mridul.das/.m2/repository/io/cucumber/datatable-dependencies/1.1.14/datatable-dependencies-1.1.14.jar:/Users/mridul.das/.m2/repository/info/cukes/cucumber-java/1.2.5/cucumber-java-1.2.5.jar:/Users/mridul.das/.m2/repository/org/freemarker/freemarker/2.3.23/freemarker-2.3.23.jar:/Users/mridul.das/.m2/repository/junit/junit/4.12/junit-4.12.jar:/Users/mridul.das/.m2/repository/org/hamcrest/hamcrest-core/1.3/hamcrest-core-1.3.jar:/Users/mridul.das/.m2/repository/io/rest-assured/rest-assured/3.3.0/rest-assured-3.3.0.jar:/Users/mridul.das/.m2/repository/org/codehaus/groovy/groovy/2.4.15/groovy-2.4.15.jar:/Users/mridul.das/.m2/repository/org/codehaus/groovy/groovy-xml/2.4.15/groovy-xml-2.4.15.jar:/Users/mridul.das/.m2/repository/org/hamcrest/hamcrest-library/1.3/hamcrest-library-1.3.jar:/Users/mridul.das/.m2/repository/org/ccil/cowan/tagsoup/tagsoup/1.2.1/tagsoup-1.2.1.jar:/Users/mridul.das/.m2/repository/io/rest-assured/json-path/3.3.0/json-path-3.3.0.jar:/Users/mridul.das/.m2/repository/org/codehaus/groovy/groovy-json/2.4.15/groovy-json-2.4.15.jar:/Users/mridul.das/.m2/repository/io/rest-assured/rest-assured-common/3.3.0/rest-assured-common-3.3.0.jar:/Users/mridul.das/.m2/repository/io/rest-assured/xml-path/3.3.0/xml-path-3.3.0.jar:/Users/mridul.das/.m2/repository/javax/xml/bind/jaxb-api/2.2.12/jaxb-api-2.2.12.jar:/Users/mridul.das/.m2/repository/com/sun/xml/bind/jaxb-osgi/2.2.10/jaxb-osgi-2.2.10.jar:/Users/mridul.das/.m2/repository/org/apache/sling/org.apache.sling.javax.activation/0.1.0/org.apache.sling.javax.activation-0.1.0.jar:/Users/mridul.das/.m2/repository/javax/activation/activation/1.1.1/activation-1.1.1.jar:/Users/mridul.das/.m2/repository/org/seleniumhq/selenium/htmlunit-driver/2.38.0/htmlunit-driver-2.38.0.jar:/Users/mridul.das/.m2/repository/org/seleniumhq/selenium/selenium-api/3.141.59/selenium-api-3.141.59.jar:/Users/mridul.das/.m2/repository/org/seleniumhq/selenium/selenium-support/3.141.59/selenium-support-3.141.59.jar:/Users/mridul.das/.m2/repository/net/bytebuddy/byte-buddy/1.8.15/byte-buddy-1.8.15.jar:/Users/mridul.das/.m2/repository/org/apache/commons/commons-exec/1.3/commons-exec-1.3.jar:/Users/mridul.das/.m2/repository/com/google/guava/guava/25.0-jre/guava-25.0-jre.jar:/Users/mridul.das/.m2/repository/com/google/code/findbugs/jsr305/1.3.9/jsr305-1.3.9.jar:/Users/mridul.das/.m2/repository/org/checkerframework/checker-compat-qual/2.0.0/checker-compat-qual-2.0.0.jar:/Users/mridul.das/.m2/repository/com/google/errorprone/error_prone_annotations/2.1.3/error_prone_annotations-2.1.3.jar:/Users/mridul.das/.m2/repository/com/google/j2objc/j2objc-annotations/1.1/j2objc-annotations-1.1.jar:/Users/mridul.das/.m2/repository/org/codehaus/mojo/animal-sniffer-annotations/1.14/animal-sniffer-annotations-1.14.jar:/Users/mridul.das/.m2/repository/com/squareup/okhttp3/okhttp/3.11.0/okhttp-3.11.0.jar:/Users/mridul.das/.m2/repository/com/squareup/okio/okio/1.14.0/okio-1.14.0.jar:/Users/mridul.das/.m2/repository/net/sourceforge/htmlunit/htmlunit/2.38.0/htmlunit-2.38.0.jar:/Users/mridul.das/.m2/repository/xalan/xalan/2.7.2/xalan-2.7.2.jar:/Users/mridul.das/.m2/repository/xalan/serializer/2.7.2/serializer-2.7.2.jar:/Users/mridul.das/.m2/repository/net/sourceforge/htmlunit/htmlunit-core-js/2.38.0/htmlunit-core-js-2.38.0.jar:/Users/mridul.das/.m2/repository/net/sourceforge/htmlunit/neko-htmlunit/2.38.0/neko-htmlunit-2.38.0.jar:/Users/mridul.das/.m2/repository/xerces/xercesImpl/2.12.0/xercesImpl-2.12.0.jar:/Users/mridul.das/.m2/repository/xml-apis/xml-apis/1.4.01/xml-apis-1.4.01.jar:/Users/mridul.das/.m2/repository/net/sourceforge/htmlunit/htmlunit-cssparser/1.5.0/htmlunit-cssparser-1.5.0.jar:/Users/mridul.das/.m2/repository/commons-io/commons-io/2.6/commons-io-2.6.jar:/Users/mridul.das/.m2/repository/commons-net/commons-net/3.6/commons-net-3.6.jar:/Users/mridul.das/.m2/repository/org/brotli/dec/0.1.2/dec-0.1.2.jar:/Users/mridul.das/.m2/repository/org/eclipse/jetty/websocket/websocket-client/9.4.27.v20200227/websocket-client-9.4.27.v20200227.jar:/Users/mridul.das/.m2/repository/org/eclipse/jetty/jetty-client/9.4.27.v20200227/jetty-client-9.4.27.v20200227.jar:/Users/mridul.das/.m2/repository/org/eclipse/jetty/jetty-http/9.4.27.v20200227/jetty-http-9.4.27.v20200227.jar:/Users/mridul.das/.m2/repository/org/eclipse/jetty/jetty-xml/9.4.27.v20200227/jetty-xml-9.4.27.v20200227.jar:/Users/mridul.das/.m2/repository/org/eclipse/jetty/jetty-util/9.4.27.v20200227/jetty-util-9.4.27.v20200227.jar:/Users/mridul.das/.m2/repository/org/eclipse/jetty/jetty-io/9.4.27.v20200227/jetty-io-9.4.27.v20200227.jar:/Users/mridul.das/.m2/repository/org/eclipse/jetty/websocket/websocket-common/9.4.27.v20200227/websocket-common-9.4.27.v20200227.jar:/Users/mridul.das/.m2/repository/org/eclipse/jetty/websocket/websocket-api/9.4.27.v20200227/websocket-api-9.4.27.v20200227.jar:/Users/mridul.das/.m2/repository/org/seleniumhq/selenium/selenium-java/4.0.0-alpha-3/selenium-java-4.0.0-alpha-3.jar:/Users/mridul.das/.m2/repository/org/seleniumhq/selenium/selenium-chrome-driver/4.0.0-alpha-3/selenium-chrome-driver-4.0.0-alpha-3.jar:/Users/mridul.das/.m2/repository/org/seleniumhq/selenium/selenium-chromium-driver/4.0.0-alpha-3/selenium-chromium-driver-4.0.0-alpha-3.jar:/Users/mridul.das/.m2/repository/org/seleniumhq/selenium/selenium-devtools/4.0.0-alpha-3/selenium-devtools-4.0.0-alpha-3.jar:/Users/mridul.das/.m2/repository/org/seleniumhq/selenium/selenium-http/4.0.0-alpha-3/selenium-http-4.0.0-alpha-3.jar:/Users/mridul.das/.m2/repository/org/seleniumhq/selenium/selenium-json/4.0.0-alpha-3/selenium-json-4.0.0-alpha-3.jar:/Users/mridul.das/.m2/repository/org/seleniumhq/selenium/selenium-edge-driver/4.0.0-alpha-3/selenium-edge-driver-4.0.0-alpha-3.jar:/Users/mridul.das/.m2/repository/org/seleniumhq/selenium/selenium-edgehtml-driver/4.0.0-alpha-3/selenium-edgehtml-driver-4.0.0-alpha-3.jar:/Users/mridul.das/.m2/repository/org/seleniumhq/selenium/selenium-firefox-driver/4.0.0-alpha-3/selenium-firefox-driver-4.0.0-alpha-3.jar:/Users/mridul.das/.m2/repository/org/seleniumhq/selenium/selenium-firefox-xpi-driver/4.0.0-alpha-3/selenium-firefox-xpi-driver-4.0.0-alpha-3.jar:/Users/mridul.das/.m2/repository/org/seleniumhq/selenium/selenium-ie-driver/4.0.0-alpha-3/selenium-ie-driver-4.0.0-alpha-3.jar:/Users/mridul.das/.m2/repository/org/seleniumhq/selenium/selenium-opera-driver/4.0.0-alpha-3/selenium-opera-driver-4.0.0-alpha-3.jar:/Users/mridul.das/.m2/repository/org/seleniumhq/selenium/selenium-remote-driver/4.0.0-alpha-3/selenium-remote-driver-4.0.0-alpha-3.jar:/Users/mridul.das/.m2/repository/io/opentracing/opentracing-api/0.33.0/opentracing-api-0.33.0.jar:/Users/mridul.das/.m2/repository/org/seleniumhq/selenium/selenium-safari-driver/4.0.0-alpha-3/selenium-safari-driver-4.0.0-alpha-3.jar:/Users/mridul.das/.m2/repository/log4j/log4j/1.2.17/log4j-1.2.17.jar:/Users/mridul.das/.m2/repository/com/jcabi/jcabi-log/0.17.1/jcabi-log-0.17.1.jar:/Users/mridul.das/.m2/repository/org/slf4j/slf4j-api/1.7.5/slf4j-api-1.7.5.jar:/Users/mridul.das/.m2/repository/com/jcabi/jcabi-aspects/0.22/jcabi-aspects-0.22.jar:/Users/mridul.das/.m2/repository/org/aspectj/aspectjrt/1.8.4/aspectjrt-1.8.4.jar:/Users/mridul.das/.m2/repository/javax/validation/validation-api/1.1.0.Final/validation-api-1.1.0.Final.jar:/Users/mridul.das/.m2/repository/com/jcraft/jsch/0.1.53/jsch-0.1.53.jar:/Users/mridul.das/.m2/repository/org/testng/testng/6.14.3/testng-6.14.3.jar:/Users/mridul.das/.m2/repository/com/beust/jcommander/1.72/jcommander-1.72.jar:/Users/mridul.das/.m2/repository/org/apache-extras/beanshell/bsh/2.0b6/bsh-2.0b6.jar:/Users/mridul.das/.m2/repository/info/cukes/cucumber-picocontainer/1.2.5/cucumber-picocontainer-1.2.5.jar:/Users/mridul.das/.m2/repository/info/cukes/cucumber-jvm-deps/1.0.5/cucumber-jvm-deps-1.0.5.jar:/Users/mridul.das/.m2/repository/info/cukes/gherkin/2.12.2/gherkin-2.12.2.jar:/Users/mridul.das/.m2/repository/org/picocontainer/picocontainer/2.15/picocontainer-2.15.jar:/Users/mridul.das/.m2/repository/org/apache/kafka/kafka-clients/2.3.0/kafka-clients-2.3.0.jar:/Users/mridul.das/.m2/repository/com/github/luben/zstd-jni/1.4.0-1/zstd-jni-1.4.0-1.jar:/Users/mridul.das/.m2/repository/org/lz4/lz4-java/1.6.0/lz4-java-1.6.0.jar:/Users/mridul.das/.m2/repository/org/xerial/snappy/snappy-java/1.1.7.3/snappy-java-1.1.7.3.jar:/Users/mridul.das/.m2/repository/org/slf4j/slf4j-simple/1.7.28/slf4j-simple-1.7.28.jar:/Users/mridul.das/.m2/repository/mysql/mysql-connector-java/8.0.15/mysql-connector-java-8.0.15.jar:/Users/mridul.das/.m2/repository/com/google/protobuf/protobuf-java/3.6.1/protobuf-java-3.6.1.jar:/Users/mridul.das/.m2/repository/consulting/omnia/util/sql-developer-xml-importer/1.0-RELEASE/sql-developer-xml-importer-1.0-RELEASE.jar:/Users/mridul.das/.m2/repository/ch/ethz/ganymed/ganymed-ssh2/262/ganymed-ssh2-262.jar:/Users/mridul.das/.m2/repository/com/googlecode/json-simple/json-simple/1.1.1/json-simple-1.1.1.jar:/Users/mridul.das/.m2/repository/com/google/code/gson/gson/2.8.6/gson-2.8.6.jar:/Users/mridul.das/.m2/repository/com/fasterxml/jackson/core/jackson-core/2.10.0/jackson-core-2.10.0.jar:/Users/mridul.das/.m2/repository/com/fasterxml/jackson/core/jackson-databind/2.10.0/jackson-databind-2.10.0.jar:/Users/mridul.das/.m2/repository/com/fasterxml/jackson/core/jackson-annotations/2.10.0/jackson-annotations-2.10.0.jar:/Users/mridul.das/.m2/repository/org/apache/commons/commons-text/1.8/commons-text-1.8.jar:/Users/mridul.das/.m2/repository/org/apache/commons/commons-lang3/3.9/commons-lang3-3.9.jar:/Users/mridul.das/.m2/repository/org/apache/maven/plugins/maven-compiler-plugin/3.8.1/maven-compiler-plugin-3.8.1.jar:/Users/mridul.das/.m2/repository/org/apache/maven/maven-plugin-api/3.0/maven-plugin-api-3.0.jar:/Users/mridul.das/.m2/repository/org/apache/maven/maven-model/3.0/maven-model-3.0.jar:/Users/mridul.das/.m2/repository/org/sonatype/sisu/sisu-inject-plexus/1.4.2/sisu-inject-plexus-1.4.2.jar:/Users/mridul.das/.m2/repository/org/sonatype/sisu/sisu-inject-bean/1.4.2/sisu-inject-bean-1.4.2.jar:/Users/mridul.das/.m2/repository/org/sonatype/sisu/sisu-guice/2.1.7/sisu-guice-2.1.7-noaop.jar:/Users/mridul.das/.m2/repository/org/apache/maven/maven-artifact/3.0/maven-artifact-3.0.jar:/Users/mridul.das/.m2/repository/org/codehaus/plexus/plexus-utils/2.0.4/plexus-utils-2.0.4.jar:/Users/mridul.das/.m2/repository/org/apache/maven/maven-core/3.0/maven-core-3.0.jar:/Users/mridul.das/.m2/repository/org/apache/maven/maven-settings/3.0/maven-settings-3.0.jar:/Users/mridul.das/.m2/repository/org/apache/maven/maven-settings-builder/3.0/maven-settings-builder-3.0.jar:/Users/mridul.das/.m2/repository/org/apache/maven/maven-repository-metadata/3.0/maven-repository-metadata-3.0.jar:/Users/mridul.das/.m2/repository/org/apache/maven/maven-model-builder/3.0/maven-model-builder-3.0.jar:/Users/mridul.das/.m2/repository/org/apache/maven/maven-aether-provider/3.0/maven-aether-provider-3.0.jar:/Users/mridul.das/.m2/repository/org/sonatype/aether/aether-impl/1.7/aether-impl-1.7.jar:/Users/mridul.das/.m2/repository/org/sonatype/aether/aether-spi/1.7/aether-spi-1.7.jar:/Users/mridul.das/.m2/repository/org/sonatype/aether/aether-api/1.7/aether-api-1.7.jar:/Users/mridul.das/.m2/repository/org/sonatype/aether/aether-util/1.7/aether-util-1.7.jar:/Users/mridul.das/.m2/repository/org/codehaus/plexus/plexus-interpolation/1.14/plexus-interpolation-1.14.jar:/Users/mridul.das/.m2/repository/org/codehaus/plexus/plexus-classworlds/2.2.3/plexus-classworlds-2.2.3.jar:/Users/mridul.das/.m2/repository/org/codehaus/plexus/plexus-component-annotations/1.5.5/plexus-component-annotations-1.5.5.jar:/Users/mridul.das/.m2/repository/org/sonatype/plexus/plexus-sec-dispatcher/1.3/plexus-sec-dispatcher-1.3.jar:/Users/mridul.das/.m2/repository/org/sonatype/plexus/plexus-cipher/1.4/plexus-cipher-1.4.jar:/Users/mridul.das/.m2/repository/org/apache/maven/shared/maven-shared-utils/3.2.1/maven-shared-utils-3.2.1.jar:/Users/mridul.das/.m2/repository/org/apache/maven/shared/maven-shared-incremental/1.1/maven-shared-incremental-1.1.jar:/Users/mridul.das/.m2/repository/org/codehaus/plexus/plexus-java/0.9.10/plexus-java-0.9.10.jar:/Users/mridul.das/.m2/repository/org/ow2/asm/asm/6.2/asm-6.2.jar:/Users/mridul.das/.m2/repository/com/thoughtworks/qdox/qdox/2.0-M8/qdox-2.0-M8.jar:/Users/mridul.das/.m2/repository/org/codehaus/plexus/plexus-compiler-api/2.8.4/plexus-compiler-api-2.8.4.jar:/Users/mridul.das/.m2/repository/org/codehaus/plexus/plexus-compiler-manager/2.8.4/plexus-compiler-manager-2.8.4.jar:/Users/mridul.das/.m2/repository/org/codehaus/plexus/plexus-compiler-javac/2.8.4/plexus-compiler-javac-2.8.4.jar:"/>
    <property name="sun.cpu.endian" value="little"/>
    <property name="user.home" value="/Users/mridul.das"/>
    <property name="user.language" value="en"/>
    <property name="java.specification.vendor" value="Oracle Corporation"/>
    <property name="java.version.date" value="2019-04-16"/>
    <property name="java.home" value="/Library/Java/JavaVirtualMachines/jdk-11.0.3+7/Contents/Home"/>
    <property name="file.separator" value="/"/>
    <property name="basedir" value="/Users/mridul.das/.jenkins/MyNewProject"/>
    <property name="java.vm.compressedOopsMode" value="Zero based"/>
    <property name="line.separator" value="&#10;"/>
    <property name="java.specification.name" value="Java Platform API Specification"/>
    <property name="java.vm.specification.vendor" value="Oracle Corporation"/>
    <property name="java.awt.graphicsenv" value="sun.awt.CGraphicsEnvironment"/>
    <property name="surefire.real.class.path" value="/Users/mridul.das/.jenkins/MyNewProject/target/surefire/surefirebooter14732177149653126128.jar"/>
    <property name="sun.management.compiler" value="HotSpot 64-Bit Tiered Compilers"/>
    <property name="java.runtime.version" value="11.0.3+7"/>
    <property name="user.name" value="mridul.das"/>
    <property name="path.separator" value=":"/>
    <property name="os.version" value="10.14.6"/>
    <property name="java.runtime.name" value="OpenJDK Runtime Environment"/>
    <property name="file.encoding" value="UTF-8"/>
    <property name="java.vm.name" value="OpenJDK 64-Bit Server VM"/>
    <property name="java.vendor.version" value="AdoptOpenJDK"/>
    <property name="localRepository" value="/Users/mridul.das/.m2/repository"/>
    <property name="java.vendor.url.bug" value="https://github.com/AdoptOpenJDK/openjdk-build/issues"/>
    <property name="java.io.tmpdir" value="/var/folders/xy/8gt1zcp12vv5qh310ryvjh7c0000gp/T/"/>
    <property name="java.version" value="11.0.3"/>
    <property name="user.dir" value="/Users/mridul.das/.jenkins/MyNewProject"/>
    <property name="os.arch" value="x86_64"/>
    <property name="java.vm.specification.name" value="Java Virtual Machine Specification"/>
    <property name="java.awt.printerjob" value="sun.lwawt.macosx.CPrinterJob"/>
    <property name="sun.os.patch.level" value="unknown"/>
    <property name="java.library.path" value="/Users/mridul.das/Library/Java/Extensions:/Library/Java/Extensions:/Network/Library/Java/Extensions:/System/Library/Java/Extensions:/usr/lib/java:."/>
    <property name="java.vendor" value="AdoptOpenJDK"/>
    <property name="java.vm.info" value="mixed mode"/>
    <property name="java.vm.version" value="11.0.3+7"/>
    <property name="sun.io.unicode.encoding" value="UnicodeBig"/>
    <property name="java.class.version" value="55.0"/>
  </properties>
  <testcase name="demo" classname="Practice.TestNGDemo" time="0.005"/>
  <testcase name="exclude" classname="Practice.TestNGDemo2" time="0"/>
  <testcase name="hello" classname="Practice.TestNGDemo2" time="0"/>
</testsuite>