<?xml version="1.0" encoding="UTF-8"?>
<!-- Generated by org.testng.reporters.JUnitReportReporter -->
<testsuite skipped="0" hostname="LAPTOP-JIBP4I0F" name="Practice.TestNGDemo" tests="1" failures="0" timestamp="2021-09-11T10:42:27 IST" time="0.003" errors="0">
  <testcase name="demo" time="0.003" classname="Practice.TestNGDemo"/>
  <system-out/>
</testsuite> <!-- Practice.TestNGDemo -->
