<?xml version="1.0" encoding="UTF-8"?>
<!-- Generated by org.testng.reporters.JUnitReportReporter -->
<testsuite skipped="0" hostname="LAPTOP-JIBP4I0F" name="ExtentReports.Test1" tests="1" failures="0" timestamp="2021-09-11T10:17:44 IST" time="0.016" errors="0">
  <testcase name="intitialDemo" time="0.016" classname="ExtentReports.Test1"/>
  <system-out/>
</testsuite> <!-- ExtentReports.Test1 -->
