<?xml version="1.0" encoding="UTF-8"?>
<!-- Generated by org.testng.reporters.JUnitReportReporter -->
<testsuite skipped="0" hostname="LAPTOP-JIBP4I0F" name="Practice.TestNGDemo2" tests="2" failures="0" timestamp="2021-09-11T10:42:27 IST" time="0.001" errors="0">
  <testcase name="hello" time="0.001" classname="Practice.TestNGDemo2"/>
  <system-out/>
  <testcase name="exclude" time="0.000" classname="Practice.TestNGDemo2"/>
  <system-out/>
</testsuite> <!-- Practice.TestNGDemo2 -->
