<?xml version="1.0" encoding="UTF-8"?>
<!-- Generated by org.testng.reporters.JUnitReportReporter -->
<testsuite hostname="DEM-C02XCEHMJG5H" failures="0" tests="1" name="ExtentReports.Test1" time="0.000" errors="0" timestamp="2020-08-17T00:00:54 BST" skipped="0">
  <testcase classname="ExtentReports.Test1" name="intitialDemo" time="0.000"/>
  <system-out/>
</testsuite> <!-- ExtentReports.Test1 -->
