<?xml version="1.0" encoding="UTF-8"?>
<!-- Generated by org.testng.reporters.JUnitReportReporter -->
<testsuite hostname="DEM-C02XCEHMJG5H" failures="0" tests="1" name="Practice.TestNGDemo" time="0.000" errors="0" timestamp="2020-08-17T00:00:54 BST" skipped="0">
  <testcase classname="Practice.TestNGDemo" name="demo" time="0.000"/>
  <system-out/>
</testsuite> <!-- Practice.TestNGDemo -->
