<?xml version="1.0" encoding="UTF-8"?>
<!-- Generated by org.testng.reporters.JUnitReportReporter -->
<testsuite hostname="DEM-C02XCEHMJG5H" failures="0" tests="1" name="Practice.TestNGDemo" time="0.005" errors="0" timestamp="10 Jul 2020 13:03:15 GMT" skipped="0">
  <testcase classname="Practice.TestNGDemo" name="demo" time="0.005"/>
</testsuite> <!-- Practice.TestNGDemo -->
